#
# There is insufficient memory for the Java Runtime Environment to continue.
# Native memory allocation (mmap) failed to map 199229440 bytes for Failed to commit area from 0x0000000742800000 to 0x000000074e600000 of length 199229440.
# Possible reasons:
#   The system is out of physical RAM or swap space
#   The process is running with CompressedOops enabled, and the Java Heap may be blocking the growth of the native heap
# Possible solutions:
#   Reduce memory load on the system
#   Increase physical memory or swap space
#   Check if swap backing store is full
#   Decrease Java heap size (-Xmx/-Xms)
#   Decrease number of Java threads
#   Decrease Java thread stack sizes (-Xss)
#   Set larger code cache with -XX:ReservedCodeCacheSize=
# This output file may be truncated or incomplete.
#
#  Out of Memory Error (t:/workspace/open/src/hotspot/os/windows/os_windows.cpp:3269), pid=20688, tid=18188
#
# JRE version:  (11.0.2+9) (build )
# Java VM: Java HotSpot(TM) 64-Bit Server VM (11.0.2+9-LTS, mixed mode, aot, sharing, tiered, compressed oops, g1 gc, windows-amd64)
# No core dump will be written. Minidumps are not enabled by default on client versions of Windows
#

---------------  S U M M A R Y ------------

Command Line: C:\Users\Emerson\eclipse-workspace\JaspersoftAutomationLocal\target\surefire\surefirebooter1814232788937697781.jar C:\Users\Emerson\eclipse-workspace\JaspersoftAutomationLocal\target\surefire\surefire9967466767774388938tmp C:\Users\Emerson\eclipse-workspace\JaspersoftAutomationLocal\target\surefire\surefire_07949546883603301950tmp

Host: Intel(R) Core(TM) i5-8250U CPU @ 1.60GHz, 8 cores, 11G,  Windows 10 , 64 bit Build 19041 (10.0.19041.804)
Time: Tue Apr  6 15:52:34 2021 Hora estándar, América Central elapsed time: 0 seconds (0d 0h 0m 0s)

---------------  T H R E A D  ---------------

Current thread (0x000001c196194800):  JavaThread "Unknown thread" [_thread_in_vm, id=18188, stack(0x00000052bd000000,0x00000052bd100000)]

Stack: [0x00000052bd000000,0x00000052bd100000]
Native frames: (J=compiled Java code, j=interpreted, Vv=VM code, C=native code)
V  [jvm.dll+0x63574a]
V  [jvm.dll+0x77326f]
V  [jvm.dll+0x77491a]
V  [jvm.dll+0x774fd3]
V  [jvm.dll+0x25e418]
V  [jvm.dll+0x632c0a]
V  [jvm.dll+0x627645]
V  [jvm.dll+0x314e7c]
V  [jvm.dll+0x314d02]
V  [jvm.dll+0x31a576]
V  [jvm.dll+0x36635f]
V  [jvm.dll+0x365d80]
V  [jvm.dll+0x2f19f8]
V  [jvm.dll+0x2f2b56]
V  [jvm.dll+0x74c817]
V  [jvm.dll+0x74df5f]
V  [jvm.dll+0x373179]
V  [jvm.dll+0x732eb9]
V  [jvm.dll+0x3e295d]
V  [jvm.dll+0x3e4c61]
C  [java.exe+0x3607]
C  [java.exe+0x178dc]
C  [KERNEL32.DLL+0x17034]
C  [ntdll.dll+0x52651]


---------------  P R O C E S S  ---------------

Threads class SMR info:
_java_thread_list=0x000001c195f81b60, length=0, elements={
}

Java Threads: ( => current thread )

Other Threads:
  0x000001c1961ab800 GCTaskThread "GC Thread#0" [stack: 0x00000052bd100000,0x00000052bd200000] [id=4312]
  0x000001c1961f2800 ConcurrentGCThread "G1 Main Marker" [stack: 0x00000052bd200000,0x00000052bd300000] [id=23288]
  0x000001c1961f4800 ConcurrentGCThread "G1 Conc#0" [stack: 0x00000052bd300000,0x00000052bd400000] [id=14808]

[error occurred during error reporting (printing all threads), id 0xc0000005, EXCEPTION_ACCESS_VIOLATION (0xc0000005) at pc=0x00007ffe7a450197]

VM state:not at safepoint (not fully initialized)

VM Mutex/Monitor currently owned by a thread:  ([mutex/lock_event])
[0x000001c196190590] Heap_lock - owner thread: 0x000001c196194800

Heap address: 0x0000000742800000, size: 3032 MB, Compressed Oops mode: Non-zero based: 0x0000000742800000
Narrow klass base: 0x0000000000000000, Narrow klass shift: 0

GC Heap History (0 events):
No events

Deoptimization events (0 events):
No events

Classes redefined (0 events):
No events

Internal exceptions (0 events):
No events

Events (0 events):
No events


Dynamic libraries:
0x00007ff71c1d0000 - 0x00007ff71c217000 	C:\Program Files\Java\jdk-11.0.2\bin\java.exe
0x00007ffedb9f0000 - 0x00007ffedbbe5000 	C:\WINDOWS\SYSTEM32\ntdll.dll
0x00007ffedb5e0000 - 0x00007ffedb69d000 	C:\WINDOWS\System32\KERNEL32.DLL
0x00007ffed9310000 - 0x00007ffed95d9000 	C:\WINDOWS\System32\KERNELBASE.dll
0x00007ffeda4d0000 - 0x00007ffeda57c000 	C:\WINDOWS\System32\ADVAPI32.dll
0x00007ffeda830000 - 0x00007ffeda8ce000 	C:\WINDOWS\System32\msvcrt.dll
0x00007ffed9f30000 - 0x00007ffed9fcc000 	C:\WINDOWS\System32\sechost.dll
0x00007ffeda700000 - 0x00007ffeda82b000 	C:\WINDOWS\System32\RPCRT4.dll
0x00007ffedacf0000 - 0x00007ffedae90000 	C:\WINDOWS\System32\USER32.dll
0x00007ffed9130000 - 0x00007ffed9152000 	C:\WINDOWS\System32\win32u.dll
0x00007ffedb980000 - 0x00007ffedb9aa000 	C:\WINDOWS\System32\GDI32.dll
0x00007ffed95e0000 - 0x00007ffed96eb000 	C:\WINDOWS\System32\gdi32full.dll
0x00007ffed96f0000 - 0x00007ffed978d000 	C:\WINDOWS\System32\msvcp_win.dll
0x00007ffed97f0000 - 0x00007ffed98f0000 	C:\WINDOWS\System32\ucrtbase.dll
0x00007ffebd9c0000 - 0x00007ffebdc5a000 	C:\WINDOWS\WinSxS\amd64_microsoft.windows.common-controls_6595b64144ccf1df_6.0.19041.844_none_ca00b6081b84eb1d\COMCTL32.dll
0x00007ffeccbf0000 - 0x00007ffeccbfa000 	C:\WINDOWS\SYSTEM32\VERSION.dll
0x00007ffedaab0000 - 0x00007ffedaae0000 	C:\WINDOWS\System32\IMM32.DLL
0x00007ffeb32b0000 - 0x00007ffeb32c6000 	C:\Program Files\Java\jdk-11.0.2\bin\vcruntime140.dll
0x00007ffe84500000 - 0x00007ffe845aa000 	C:\Program Files\Java\jdk-11.0.2\bin\msvcp140.dll
0x00007ffe7a150000 - 0x00007ffe7ac77000 	C:\Program Files\Java\jdk-11.0.2\bin\server\jvm.dll
0x00007ffed9f20000 - 0x00007ffed9f28000 	C:\WINDOWS\System32\PSAPI.DLL
0x00007ffeb9530000 - 0x00007ffeb9557000 	C:\WINDOWS\SYSTEM32\WINMM.dll
0x00007ffeb7c70000 - 0x00007ffeb7c79000 	C:\WINDOWS\SYSTEM32\WSOCK32.dll
0x00007ffedb910000 - 0x00007ffedb97b000 	C:\WINDOWS\System32\WS2_32.dll
0x00007ffed7a00000 - 0x00007ffed7a12000 	C:\WINDOWS\SYSTEM32\kernel.appcore.dll
0x00007ffeb3290000 - 0x00007ffeb32a1000 	C:\Program Files\Java\jdk-11.0.2\bin\verify.dll
0x00007ffed6ed0000 - 0x00007ffed70b4000 	C:\WINDOWS\SYSTEM32\DBGHELP.DLL
0x00007ffeccd30000 - 0x00007ffeccd5c000 	C:\WINDOWS\SYSTEM32\dbgcore.DLL
0x00007ffed91e0000 - 0x00007ffed9260000 	C:\WINDOWS\System32\bcryptPrimitives.dll
0x00007ffe914a0000 - 0x00007ffe914c9000 	C:\Program Files\Java\jdk-11.0.2\bin\java.dll
0x00007ffeb06f0000 - 0x00007ffeb0706000 	C:\Program Files\Java\jdk-11.0.2\bin\zip.dll
0x00007ffecff40000 - 0x00007ffecff4a000 	C:\Program Files\Java\jdk-11.0.2\bin\jimage.dll

dbghelp: loaded successfully - version: 4.0.5 - missing functions: none
symbol engine: initialized successfully - sym options: 0x614 - pdb path: .;C:\Program Files\Java\jdk-11.0.2\bin;C:\WINDOWS\SYSTEM32;C:\WINDOWS\WinSxS\amd64_microsoft.windows.common-controls_6595b64144ccf1df_6.0.19041.844_none_ca00b6081b84eb1d;C:\Program Files\Java\jdk-11.0.2\bin\server

VM Arguments:
java_command: C:\Users\Emerson\eclipse-workspace\JaspersoftAutomationLocal\target\surefire\surefirebooter1814232788937697781.jar C:\Users\Emerson\eclipse-workspace\JaspersoftAutomationLocal\target\surefire\surefire9967466767774388938tmp C:\Users\Emerson\eclipse-workspace\JaspersoftAutomationLocal\target\surefire\surefire_07949546883603301950tmp
java_class_path (initial): C:\Users\Emerson\eclipse-workspace\JaspersoftAutomationLocal\target\surefire\surefirebooter1814232788937697781.jar
Launcher Type: SUN_STANDARD

[Global flags]
     intx CICompilerCount                          = 4                                         {product} {ergonomic}
     uint ConcGCThreads                            = 2                                         {product} {ergonomic}
     uint G1ConcRefinementThreads                  = 8                                         {product} {ergonomic}
   size_t G1HeapRegionSize                         = 1048576                                   {product} {ergonomic}
    uintx GCDrainStackTargetSize                   = 64                                        {product} {ergonomic}
   size_t InitialHeapSize                          = 199229440                                 {product} {ergonomic}
   size_t MarkStackSize                            = 4194304                                   {product} {ergonomic}
   size_t MaxHeapSize                              = 3179282432                                {product} {ergonomic}
   size_t MinHeapDeltaBytes                        = 1048576                                   {product} {ergonomic}
    uintx NonNMethodCodeHeapSize                   = 5835340                                {pd product} {ergonomic}
    uintx NonProfiledCodeHeapSize                  = 122911450                              {pd product} {ergonomic}
    uintx ProfiledCodeHeapSize                     = 122911450                              {pd product} {ergonomic}
    uintx ReservedCodeCacheSize                    = 251658240                              {pd product} {ergonomic}
     bool SegmentedCodeCache                       = true                                      {product} {ergonomic}
     bool UseCompressedClassPointers               = true                                 {lp64_product} {ergonomic}
     bool UseCompressedOops                        = true                                 {lp64_product} {ergonomic}
     bool UseG1GC                                  = true                                      {product} {ergonomic}
     bool UseLargePagesIndividualAllocation        = false                                  {pd product} {ergonomic}

Logging:
Log output configuration:
 #0: stdout all=warning uptime,level,tags
 #1: stderr all=off uptime,level,tags

Environment Variables:
JAVA_HOME=C:\Program Files\Java\jdk-11.0.2
PATH=C:\Program Files (x86)\Common Files\Oracle\Java\javapath;C:\Program Files (x86)\Intel\Intel(R) Management Engine Components\iCLS\;C:\Program Files\Intel\Intel(R) Management Engine Components\iCLS\;C:\WINDOWS\system32;C:\WINDOWS;C:\WINDOWS\System32\Wbem;C:\WINDOWS\System32\WindowsPowerShell\v1.0\;C:\Program Files\Git\cmd;C:\WINDOWS\System32\OpenSSH\;C:\Program Files (x86)\Intel\Intel(R) Management Engine Components\DAL;C:\Program Files\Intel\Intel(R) Management Engine Components\DAL;C:\Users\Emerson\Downloads\apache-maven-3.6.1\bin;C:\Program Files\Java\jdk-11.0.2\bin;C:\Users\Emerson\AppData\Roaming\npm\node_modules\newman;C:\Users\Emerson\AppData\Roaming\npm;C:\Program Files\Intel\WiFi\bin\;C:\Program Files\Common Files\Intel\WirelessCommon\;C:\Go\bin;C:\Users\Emerson\windows-amd64;C:\Program Files\PuTTY\;C:\Program Files\nodejs\;C:\Program Files\Docker\Docker\resources\bin;C:\ProgramData\DockerDesktop\version-bin;C:\Program Files\Amazon\AWSCLIV2\;C:\Users\Emerson\scoop\shims;C:\Users\Emerson\AppData\Local\GitHubDesktop\bin;C:\Users\Emerson\AppData\Local\Programs\Microsoft VS Code\bin;C:\Users\Emerson\gocode\bin;C:\Users\Emerson\AppData\Local\Microsoft\WindowsApps
USERNAME=Emerson
OS=Windows_NT
PROCESSOR_IDENTIFIER=Intel64 Family 6 Model 142 Stepping 10, GenuineIntel



---------------  S Y S T E M  ---------------

OS: Windows 10 , 64 bit Build 19041 (10.0.19041.804)

CPU:total 8 (initial active 8) (4 cores per cpu, 2 threads per core) family 6 model 142 stepping 10, cmov, cx8, fxsr, mmx, sse, sse2, sse3, ssse3, sse4.1, sse4.2, popcnt, avx, avx2, aes, clmul, erms, 3dnowpref, lzcnt, ht, tsc, tscinvbit, bmi1, bmi2, adx, fma

Memory: 4k page, system-wide physical 12122M (1406M free)
TotalPageFile size 12122M (AvailPageFile size 14M)
current process WorkingSet (physical memory assigned to process): 9M, peak: 9M
current process commit charge ("private bytes"): 60M, peak: 250M

vm_info: Java HotSpot(TM) 64-Bit Server VM (11.0.2+9-LTS) for windows-amd64 JRE (11.0.2+9-LTS), built on Jan 18 2019 05:24:10 by "mach5one" with MS VC++ 15.5 (VS2017)

END.
